<?xml version="1.0" encoding="UTF-8"?>
<testsuite xmlns:xsi="http://www.w3.org/2001/XMLSchema-instance" xsi:noNamespaceSchemaLocation="https://maven.apache.org/surefire/maven-surefire-plugin/xsd/surefire-test-report.xsd" name="com.parkit.parkingsystem.unit.service.FareCalculatorServiceTest" time="0.733" tests="10" errors="0" skipped="0" failures="0">
  <properties>
    <property name="awt.toolkit" value="sun.lwawt.macosx.LWCToolkit"/>
    <property name="jdk.extensions.version" value="8.0.282.0"/>
    <property name="file.encoding.pkg" value="sun.io"/>
    <property name="java.specification.version" value="1.8"/>
    <property name="sun.jnu.encoding" value="UTF-8"/>
    <property name="java.class.path" value="/Users/luloh/Desktop/Code/Openclassrooms/Java/Projet4/parkingsystem/target/test-classes:/Users/luloh/Desktop/Code/Openclassrooms/Java/Projet4/parkingsystem/target/classes:/Users/luloh/.m2/repository/org/apache/logging/log4j/log4j-api/2.13.2/log4j-api-2.13.2.jar:/Users/luloh/.m2/repository/org/apache/logging/log4j/log4j-core/2.13.2/log4j-core-2.13.2.jar:/Users/luloh/.m2/repository/mysql/mysql-connector-java/8.0.17/mysql-connector-java-8.0.17.jar:/Users/luloh/.m2/repository/com/google/protobuf/protobuf-java/3.6.1/protobuf-java-3.6.1.jar:/Users/luloh/.m2/repository/org/junit/jupiter/junit-jupiter-api/5.3.2/junit-jupiter-api-5.3.2.jar:/Users/luloh/.m2/repository/org/apiguardian/apiguardian-api/1.0.0/apiguardian-api-1.0.0.jar:/Users/luloh/.m2/repository/org/opentest4j/opentest4j/1.1.1/opentest4j-1.1.1.jar:/Users/luloh/.m2/repository/org/junit/platform/junit-platform-commons/1.3.2/junit-platform-commons-1.3.2.jar:/Users/luloh/.m2/repository/org/junit/jupiter/junit-jupiter-engine/5.3.2/junit-jupiter-engine-5.3.2.jar:/Users/luloh/.m2/repository/org/junit/platform/junit-platform-engine/1.3.2/junit-platform-engine-1.3.2.jar:/Users/luloh/.m2/repository/org/mockito/mockito-junit-jupiter/2.23.4/mockito-junit-jupiter-2.23.4.jar:/Users/luloh/.m2/repository/org/mockito/mockito-core/2.23.4/mockito-core-2.23.4.jar:/Users/luloh/.m2/repository/net/bytebuddy/byte-buddy/1.9.3/byte-buddy-1.9.3.jar:/Users/luloh/.m2/repository/net/bytebuddy/byte-buddy-agent/1.9.3/byte-buddy-agent-1.9.3.jar:/Users/luloh/.m2/repository/org/objenesis/objenesis/2.6/objenesis-2.6.jar:/Users/luloh/.m2/repository/org/jacoco/jacoco-maven-plugin/0.8.5/jacoco-maven-plugin-0.8.5.jar:/Users/luloh/.m2/repository/org/apache/maven/maven-plugin-api/3.0/maven-plugin-api-3.0.jar:/Users/luloh/.m2/repository/org/sonatype/sisu/sisu-inject-plexus/1.4.2/sisu-inject-plexus-1.4.2.jar:/Users/luloh/.m2/repository/org/sonatype/sisu/sisu-inject-bean/1.4.2/sisu-inject-bean-1.4.2.jar:/Users/luloh/.m2/repository/org/sonatype/sisu/sisu-guice/2.1.7/sisu-guice-2.1.7-noaop.jar:/Users/luloh/.m2/repository/org/apache/maven/maven-core/3.0/maven-core-3.0.jar:/Users/luloh/.m2/repository/org/apache/maven/maven-settings/3.0/maven-settings-3.0.jar:/Users/luloh/.m2/repository/org/apache/maven/maven-settings-builder/3.0/maven-settings-builder-3.0.jar:/Users/luloh/.m2/repository/org/apache/maven/maven-repository-metadata/3.0/maven-repository-metadata-3.0.jar:/Users/luloh/.m2/repository/org/apache/maven/maven-model-builder/3.0/maven-model-builder-3.0.jar:/Users/luloh/.m2/repository/org/apache/maven/maven-aether-provider/3.0/maven-aether-provider-3.0.jar:/Users/luloh/.m2/repository/org/sonatype/aether/aether-impl/1.7/aether-impl-1.7.jar:/Users/luloh/.m2/repository/org/sonatype/aether/aether-spi/1.7/aether-spi-1.7.jar:/Users/luloh/.m2/repository/org/sonatype/aether/aether-api/1.7/aether-api-1.7.jar:/Users/luloh/.m2/repository/org/sonatype/aether/aether-util/1.7/aether-util-1.7.jar:/Users/luloh/.m2/repository/org/codehaus/plexus/plexus-classworlds/2.2.3/plexus-classworlds-2.2.3.jar:/Users/luloh/.m2/repository/org/codehaus/plexus/plexus-component-annotations/1.5.5/plexus-component-annotations-1.5.5.jar:/Users/luloh/.m2/repository/org/sonatype/plexus/plexus-sec-dispatcher/1.3/plexus-sec-dispatcher-1.3.jar:/Users/luloh/.m2/repository/org/sonatype/plexus/plexus-cipher/1.4/plexus-cipher-1.4.jar:/Users/luloh/.m2/repository/org/codehaus/plexus/plexus-utils/3.0.22/plexus-utils-3.0.22.jar:/Users/luloh/.m2/repository/org/apache/maven/shared/file-management/1.2.1/file-management-1.2.1.jar:/Users/luloh/.m2/repository/org/codehaus/plexus/plexus-container-default/1.0-alpha-9/plexus-container-default-1.0-alpha-9.jar:/Users/luloh/.m2/repository/junit/junit/3.8.1/junit-3.8.1.jar:/Users/luloh/.m2/repository/classworlds/classworlds/1.1-alpha-2/classworlds-1.1-alpha-2.jar:/Users/luloh/.m2/repository/org/apache/maven/reporting/maven-reporting-api/3.0/maven-reporting-api-3.0.jar:/Users/luloh/.m2/repository/org/apache/maven/doxia/doxia-sink-api/1.0/doxia-sink-api-1.0.jar:/Users/luloh/.m2/repository/org/apache/maven/reporting/maven-reporting-impl/2.1/maven-reporting-impl-2.1.jar:/Users/luloh/.m2/repository/org/apache/maven/maven-project/2.0.10/maven-project-2.0.10.jar:/Users/luloh/.m2/repository/org/apache/maven/maven-profile/2.0.10/maven-profile-2.0.10.jar:/Users/luloh/.m2/repository/org/apache/maven/maven-artifact-manager/2.0.10/maven-artifact-manager-2.0.10.jar:/Users/luloh/.m2/repository/org/apache/maven/maven-plugin-registry/2.0.10/maven-plugin-registry-2.0.10.jar:/Users/luloh/.m2/repository/org/apache/maven/doxia/doxia-core/1.1.2/doxia-core-1.1.2.jar:/Users/luloh/.m2/repository/org/apache/maven/doxia/doxia-logging-api/1.1.2/doxia-logging-api-1.1.2.jar:/Users/luloh/.m2/repository/xerces/xercesImpl/2.8.1/xercesImpl-2.8.1.jar:/Users/luloh/.m2/repository/commons-lang/commons-lang/2.4/commons-lang-2.4.jar:/Users/luloh/.m2/repository/commons-httpclient/commons-httpclient/3.1/commons-httpclient-3.1.jar:/Users/luloh/.m2/repository/org/apache/maven/doxia/doxia-site-renderer/1.1.2/doxia-site-renderer-1.1.2.jar:/Users/luloh/.m2/repository/org/apache/maven/doxia/doxia-decoration-model/1.1.2/doxia-decoration-model-1.1.2.jar:/Users/luloh/.m2/repository/org/apache/maven/doxia/doxia-module-xhtml/1.1.2/doxia-module-xhtml-1.1.2.jar:/Users/luloh/.m2/repository/org/apache/maven/doxia/doxia-module-fml/1.1.2/doxia-module-fml-1.1.2.jar:/Users/luloh/.m2/repository/org/codehaus/plexus/plexus-i18n/1.0-beta-7/plexus-i18n-1.0-beta-7.jar:/Users/luloh/.m2/repository/org/codehaus/plexus/plexus-velocity/1.1.7/plexus-velocity-1.1.7.jar:/Users/luloh/.m2/repository/org/apache/velocity/velocity/1.5/velocity-1.5.jar:/Users/luloh/.m2/repository/commons-collections/commons-collections/3.2/commons-collections-3.2.jar:/Users/luloh/.m2/repository/commons-validator/commons-validator/1.2.0/commons-validator-1.2.0.jar:/Users/luloh/.m2/repository/commons-beanutils/commons-beanutils/1.7.0/commons-beanutils-1.7.0.jar:/Users/luloh/.m2/repository/commons-digester/commons-digester/1.6/commons-digester-1.6.jar:/Users/luloh/.m2/repository/commons-logging/commons-logging/1.0.4/commons-logging-1.0.4.jar:/Users/luloh/.m2/repository/oro/oro/2.0.8/oro-2.0.8.jar:/Users/luloh/.m2/repository/xml-apis/xml-apis/1.0.b2/xml-apis-1.0.b2.jar:/Users/luloh/.m2/repository/org/jacoco/org.jacoco.agent/0.8.5/org.jacoco.agent-0.8.5-runtime.jar:/Users/luloh/.m2/repository/org/jacoco/org.jacoco.core/0.8.5/org.jacoco.core-0.8.5.jar:/Users/luloh/.m2/repository/org/ow2/asm/asm/7.2/asm-7.2.jar:/Users/luloh/.m2/repository/org/ow2/asm/asm-commons/7.2/asm-commons-7.2.jar:/Users/luloh/.m2/repository/org/ow2/asm/asm-analysis/7.2/asm-analysis-7.2.jar:/Users/luloh/.m2/repository/org/ow2/asm/asm-tree/7.2/asm-tree-7.2.jar:/Users/luloh/.m2/repository/org/jacoco/org.jacoco.report/0.8.5/org.jacoco.report-0.8.5.jar:/Users/luloh/.m2/repository/org/apache/maven/plugins/maven-assembly-plugin/3.0.0/maven-assembly-plugin-3.0.0.jar:/Users/luloh/.m2/repository/org/apache/maven/maven-artifact/3.0/maven-artifact-3.0.jar:/Users/luloh/.m2/repository/org/apache/maven/maven-model/3.0/maven-model-3.0.jar:/Users/luloh/.m2/repository/org/apache/maven/shared/maven-common-artifact-filters/3.0.1/maven-common-artifact-filters-3.0.1.jar:/Users/luloh/.m2/repository/org/apache/maven/shared/maven-shared-utils/3.1.0/maven-shared-utils-3.1.0.jar:/Users/luloh/.m2/repository/org/apache/maven/shared/maven-artifact-transfer/0.9.0/maven-artifact-transfer-0.9.0.jar:/Users/luloh/.m2/repository/org/slf4j/slf4j-api/1.7.5/slf4j-api-1.7.5.jar:/Users/luloh/.m2/repository/org/codehaus/plexus/plexus-interpolation/1.24/plexus-interpolation-1.24.jar:/Users/luloh/.m2/repository/org/codehaus/plexus/plexus-archiver/3.4/plexus-archiver-3.4.jar:/Users/luloh/.m2/repository/org/apache/commons/commons-compress/1.11/commons-compress-1.11.jar:/Users/luloh/.m2/repository/org/iq80/snappy/snappy/0.4/snappy-0.4.jar:/Users/luloh/.m2/repository/org/tukaani/xz/1.5/xz-1.5.jar:/Users/luloh/.m2/repository/org/apache/maven/shared/maven-shared-io/3.0.0/maven-shared-io-3.0.0.jar:/Users/luloh/.m2/repository/org/apache/maven/maven-compat/3.0/maven-compat-3.0.jar:/Users/luloh/.m2/repository/org/apache/maven/wagon/wagon-provider-api/2.10/wagon-provider-api-2.10.jar:/Users/luloh/.m2/repository/commons-io/commons-io/2.5/commons-io-2.5.jar:/Users/luloh/.m2/repository/org/apache/maven/shared/maven-filtering/3.1.1/maven-filtering-3.1.1.jar:/Users/luloh/.m2/repository/org/sonatype/plexus/plexus-build-api/0.0.7/plexus-build-api-0.0.7.jar:/Users/luloh/.m2/repository/org/codehaus/plexus/plexus-io/2.7.1/plexus-io-2.7.1.jar:/Users/luloh/.m2/repository/org/apache/maven/maven-archiver/3.1.1/maven-archiver-3.1.1.jar:/Users/luloh/.m2/repository/commons-codec/commons-codec/1.6/commons-codec-1.6.jar:"/>
    <property name="java.vm.vendor" value="Eclipse OpenJ9"/>
    <property name="com.ibm.zero.version" value="2"/>
    <property name="sun.arch.data.model" value="64"/>
    <property name="com.ibm.vm.bitmode" value="64"/>
    <property name="user.variant" value=""/>
    <property name="com.ibm.oti.vm.library.version" value="29"/>
    <property name="java.vendor.url" value="https://adoptopenjdk.net/"/>
    <property name="user.timezone" value=""/>
    <property name="os.name" value="Mac OS X"/>
    <property name="java.vm.specification.version" value="1.8"/>
    <property name="sun.java.launcher" value="SUN_STANDARD"/>
    <property name="user.country" value="FR"/>
    <property name="sun.boot.library.path" value="/Users/luloh/Library/Java/JavaVirtualMachines/adopt-openj9-1.8.0_282/Contents/Home/jre/lib/compressedrefs:/Users/luloh/Library/Java/JavaVirtualMachines/adopt-openj9-1.8.0_282/Contents/Home/jre/lib"/>
    <property name="sun.java.command" value="/Users/luloh/Desktop/Code/Openclassrooms/Java/Projet4/parkingsystem/target/surefire/surefirebooter8328391930955384933.jar /Users/luloh/Desktop/Code/Openclassrooms/Java/Projet4/parkingsystem/target/surefire 2021-03-13T10-45-50_590-jvmRun1 surefire5987911426612942104tmp surefire_0363455505617137135tmp"/>
    <property name="surefire.test.class.path" value="/Users/luloh/Desktop/Code/Openclassrooms/Java/Projet4/parkingsystem/target/test-classes:/Users/luloh/Desktop/Code/Openclassrooms/Java/Projet4/parkingsystem/target/classes:/Users/luloh/.m2/repository/org/apache/logging/log4j/log4j-api/2.13.2/log4j-api-2.13.2.jar:/Users/luloh/.m2/repository/org/apache/logging/log4j/log4j-core/2.13.2/log4j-core-2.13.2.jar:/Users/luloh/.m2/repository/mysql/mysql-connector-java/8.0.17/mysql-connector-java-8.0.17.jar:/Users/luloh/.m2/repository/com/google/protobuf/protobuf-java/3.6.1/protobuf-java-3.6.1.jar:/Users/luloh/.m2/repository/org/junit/jupiter/junit-jupiter-api/5.3.2/junit-jupiter-api-5.3.2.jar:/Users/luloh/.m2/repository/org/apiguardian/apiguardian-api/1.0.0/apiguardian-api-1.0.0.jar:/Users/luloh/.m2/repository/org/opentest4j/opentest4j/1.1.1/opentest4j-1.1.1.jar:/Users/luloh/.m2/repository/org/junit/platform/junit-platform-commons/1.3.2/junit-platform-commons-1.3.2.jar:/Users/luloh/.m2/repository/org/junit/jupiter/junit-jupiter-engine/5.3.2/junit-jupiter-engine-5.3.2.jar:/Users/luloh/.m2/repository/org/junit/platform/junit-platform-engine/1.3.2/junit-platform-engine-1.3.2.jar:/Users/luloh/.m2/repository/org/mockito/mockito-junit-jupiter/2.23.4/mockito-junit-jupiter-2.23.4.jar:/Users/luloh/.m2/repository/org/mockito/mockito-core/2.23.4/mockito-core-2.23.4.jar:/Users/luloh/.m2/repository/net/bytebuddy/byte-buddy/1.9.3/byte-buddy-1.9.3.jar:/Users/luloh/.m2/repository/net/bytebuddy/byte-buddy-agent/1.9.3/byte-buddy-agent-1.9.3.jar:/Users/luloh/.m2/repository/org/objenesis/objenesis/2.6/objenesis-2.6.jar:/Users/luloh/.m2/repository/org/jacoco/jacoco-maven-plugin/0.8.5/jacoco-maven-plugin-0.8.5.jar:/Users/luloh/.m2/repository/org/apache/maven/maven-plugin-api/3.0/maven-plugin-api-3.0.jar:/Users/luloh/.m2/repository/org/sonatype/sisu/sisu-inject-plexus/1.4.2/sisu-inject-plexus-1.4.2.jar:/Users/luloh/.m2/repository/org/sonatype/sisu/sisu-inject-bean/1.4.2/sisu-inject-bean-1.4.2.jar:/Users/luloh/.m2/repository/org/sonatype/sisu/sisu-guice/2.1.7/sisu-guice-2.1.7-noaop.jar:/Users/luloh/.m2/repository/org/apache/maven/maven-core/3.0/maven-core-3.0.jar:/Users/luloh/.m2/repository/org/apache/maven/maven-settings/3.0/maven-settings-3.0.jar:/Users/luloh/.m2/repository/org/apache/maven/maven-settings-builder/3.0/maven-settings-builder-3.0.jar:/Users/luloh/.m2/repository/org/apache/maven/maven-repository-metadata/3.0/maven-repository-metadata-3.0.jar:/Users/luloh/.m2/repository/org/apache/maven/maven-model-builder/3.0/maven-model-builder-3.0.jar:/Users/luloh/.m2/repository/org/apache/maven/maven-aether-provider/3.0/maven-aether-provider-3.0.jar:/Users/luloh/.m2/repository/org/sonatype/aether/aether-impl/1.7/aether-impl-1.7.jar:/Users/luloh/.m2/repository/org/sonatype/aether/aether-spi/1.7/aether-spi-1.7.jar:/Users/luloh/.m2/repository/org/sonatype/aether/aether-api/1.7/aether-api-1.7.jar:/Users/luloh/.m2/repository/org/sonatype/aether/aether-util/1.7/aether-util-1.7.jar:/Users/luloh/.m2/repository/org/codehaus/plexus/plexus-classworlds/2.2.3/plexus-classworlds-2.2.3.jar:/Users/luloh/.m2/repository/org/codehaus/plexus/plexus-component-annotations/1.5.5/plexus-component-annotations-1.5.5.jar:/Users/luloh/.m2/repository/org/sonatype/plexus/plexus-sec-dispatcher/1.3/plexus-sec-dispatcher-1.3.jar:/Users/luloh/.m2/repository/org/sonatype/plexus/plexus-cipher/1.4/plexus-cipher-1.4.jar:/Users/luloh/.m2/repository/org/codehaus/plexus/plexus-utils/3.0.22/plexus-utils-3.0.22.jar:/Users/luloh/.m2/repository/org/apache/maven/shared/file-management/1.2.1/file-management-1.2.1.jar:/Users/luloh/.m2/repository/org/codehaus/plexus/plexus-container-default/1.0-alpha-9/plexus-container-default-1.0-alpha-9.jar:/Users/luloh/.m2/repository/junit/junit/3.8.1/junit-3.8.1.jar:/Users/luloh/.m2/repository/classworlds/classworlds/1.1-alpha-2/classworlds-1.1-alpha-2.jar:/Users/luloh/.m2/repository/org/apache/maven/reporting/maven-reporting-api/3.0/maven-reporting-api-3.0.jar:/Users/luloh/.m2/repository/org/apache/maven/doxia/doxia-sink-api/1.0/doxia-sink-api-1.0.jar:/Users/luloh/.m2/repository/org/apache/maven/reporting/maven-reporting-impl/2.1/maven-reporting-impl-2.1.jar:/Users/luloh/.m2/repository/org/apache/maven/maven-project/2.0.10/maven-project-2.0.10.jar:/Users/luloh/.m2/repository/org/apache/maven/maven-profile/2.0.10/maven-profile-2.0.10.jar:/Users/luloh/.m2/repository/org/apache/maven/maven-artifact-manager/2.0.10/maven-artifact-manager-2.0.10.jar:/Users/luloh/.m2/repository/org/apache/maven/maven-plugin-registry/2.0.10/maven-plugin-registry-2.0.10.jar:/Users/luloh/.m2/repository/org/apache/maven/doxia/doxia-core/1.1.2/doxia-core-1.1.2.jar:/Users/luloh/.m2/repository/org/apache/maven/doxia/doxia-logging-api/1.1.2/doxia-logging-api-1.1.2.jar:/Users/luloh/.m2/repository/xerces/xercesImpl/2.8.1/xercesImpl-2.8.1.jar:/Users/luloh/.m2/repository/commons-lang/commons-lang/2.4/commons-lang-2.4.jar:/Users/luloh/.m2/repository/commons-httpclient/commons-httpclient/3.1/commons-httpclient-3.1.jar:/Users/luloh/.m2/repository/org/apache/maven/doxia/doxia-site-renderer/1.1.2/doxia-site-renderer-1.1.2.jar:/Users/luloh/.m2/repository/org/apache/maven/doxia/doxia-decoration-model/1.1.2/doxia-decoration-model-1.1.2.jar:/Users/luloh/.m2/repository/org/apache/maven/doxia/doxia-module-xhtml/1.1.2/doxia-module-xhtml-1.1.2.jar:/Users/luloh/.m2/repository/org/apache/maven/doxia/doxia-module-fml/1.1.2/doxia-module-fml-1.1.2.jar:/Users/luloh/.m2/repository/org/codehaus/plexus/plexus-i18n/1.0-beta-7/plexus-i18n-1.0-beta-7.jar:/Users/luloh/.m2/repository/org/codehaus/plexus/plexus-velocity/1.1.7/plexus-velocity-1.1.7.jar:/Users/luloh/.m2/repository/org/apache/velocity/velocity/1.5/velocity-1.5.jar:/Users/luloh/.m2/repository/commons-collections/commons-collections/3.2/commons-collections-3.2.jar:/Users/luloh/.m2/repository/commons-validator/commons-validator/1.2.0/commons-validator-1.2.0.jar:/Users/luloh/.m2/repository/commons-beanutils/commons-beanutils/1.7.0/commons-beanutils-1.7.0.jar:/Users/luloh/.m2/repository/commons-digester/commons-digester/1.6/commons-digester-1.6.jar:/Users/luloh/.m2/repository/commons-logging/commons-logging/1.0.4/commons-logging-1.0.4.jar:/Users/luloh/.m2/repository/oro/oro/2.0.8/oro-2.0.8.jar:/Users/luloh/.m2/repository/xml-apis/xml-apis/1.0.b2/xml-apis-1.0.b2.jar:/Users/luloh/.m2/repository/org/jacoco/org.jacoco.agent/0.8.5/org.jacoco.agent-0.8.5-runtime.jar:/Users/luloh/.m2/repository/org/jacoco/org.jacoco.core/0.8.5/org.jacoco.core-0.8.5.jar:/Users/luloh/.m2/repository/org/ow2/asm/asm/7.2/asm-7.2.jar:/Users/luloh/.m2/repository/org/ow2/asm/asm-commons/7.2/asm-commons-7.2.jar:/Users/luloh/.m2/repository/org/ow2/asm/asm-analysis/7.2/asm-analysis-7.2.jar:/Users/luloh/.m2/repository/org/ow2/asm/asm-tree/7.2/asm-tree-7.2.jar:/Users/luloh/.m2/repository/org/jacoco/org.jacoco.report/0.8.5/org.jacoco.report-0.8.5.jar:/Users/luloh/.m2/repository/org/apache/maven/plugins/maven-assembly-plugin/3.0.0/maven-assembly-plugin-3.0.0.jar:/Users/luloh/.m2/repository/org/apache/maven/maven-artifact/3.0/maven-artifact-3.0.jar:/Users/luloh/.m2/repository/org/apache/maven/maven-model/3.0/maven-model-3.0.jar:/Users/luloh/.m2/repository/org/apache/maven/shared/maven-common-artifact-filters/3.0.1/maven-common-artifact-filters-3.0.1.jar:/Users/luloh/.m2/repository/org/apache/maven/shared/maven-shared-utils/3.1.0/maven-shared-utils-3.1.0.jar:/Users/luloh/.m2/repository/org/apache/maven/shared/maven-artifact-transfer/0.9.0/maven-artifact-transfer-0.9.0.jar:/Users/luloh/.m2/repository/org/slf4j/slf4j-api/1.7.5/slf4j-api-1.7.5.jar:/Users/luloh/.m2/repository/org/codehaus/plexus/plexus-interpolation/1.24/plexus-interpolation-1.24.jar:/Users/luloh/.m2/repository/org/codehaus/plexus/plexus-archiver/3.4/plexus-archiver-3.4.jar:/Users/luloh/.m2/repository/org/apache/commons/commons-compress/1.11/commons-compress-1.11.jar:/Users/luloh/.m2/repository/org/iq80/snappy/snappy/0.4/snappy-0.4.jar:/Users/luloh/.m2/repository/org/tukaani/xz/1.5/xz-1.5.jar:/Users/luloh/.m2/repository/org/apache/maven/shared/maven-shared-io/3.0.0/maven-shared-io-3.0.0.jar:/Users/luloh/.m2/repository/org/apache/maven/maven-compat/3.0/maven-compat-3.0.jar:/Users/luloh/.m2/repository/org/apache/maven/wagon/wagon-provider-api/2.10/wagon-provider-api-2.10.jar:/Users/luloh/.m2/repository/commons-io/commons-io/2.5/commons-io-2.5.jar:/Users/luloh/.m2/repository/org/apache/maven/shared/maven-filtering/3.1.1/maven-filtering-3.1.1.jar:/Users/luloh/.m2/repository/org/sonatype/plexus/plexus-build-api/0.0.7/plexus-build-api-0.0.7.jar:/Users/luloh/.m2/repository/org/codehaus/plexus/plexus-io/2.7.1/plexus-io-2.7.1.jar:/Users/luloh/.m2/repository/org/apache/maven/maven-archiver/3.1.1/maven-archiver-3.1.1.jar:/Users/luloh/.m2/repository/commons-codec/commons-codec/1.6/commons-codec-1.6.jar:"/>
    <property name="sun.cpu.endian" value="little"/>
    <property name="user.home" value="/Users/luloh"/>
    <property name="user.language" value="fr"/>
    <property name="java.specification.vendor" value="Oracle Corporation"/>
    <property name="java.home" value="/Users/luloh/Library/Java/JavaVirtualMachines/adopt-openj9-1.8.0_282/Contents/Home/jre"/>
    <property name="ibm.signalhandling.rs" value="false"/>
    <property name="file.separator" value="/"/>
    <property name="jdk.extensions.name" value="Extensions for OpenJDK for Eclipse OpenJ9"/>
    <property name="basedir" value="/Users/luloh/Desktop/Code/Openclassrooms/Java/Projet4/parkingsystem"/>
    <property name="line.separator" value="&#10;"/>
    <property name="java.vm.specification.vendor" value="Oracle Corporation"/>
    <property name="java.specification.name" value="Java Platform API Specification"/>
    <property name="java.compiler" value="j9jit29"/>
    <property name="com.ibm.util.extralibs.properties" value=""/>
    <property name="java.awt.graphicsenv" value="sun.awt.CGraphicsEnvironment"/>
    <property name="com.ibm.oti.configuration" value="scar"/>
    <property name="surefire.real.class.path" value="/Users/luloh/Desktop/Code/Openclassrooms/Java/Projet4/parkingsystem/target/surefire/surefirebooter8328391930955384933.jar:/Users/luloh/.m2/repository/org/jacoco/org.jacoco.agent/0.8.5/org.jacoco.agent-0.8.5-runtime.jar:/Users/luloh/.m2/repository/org/jacoco/org.jacoco.agent/0.8.5/org.jacoco.agent-0.8.5-runtime.jar"/>
    <property name="com.ibm.oti.shared.enabled" value="false"/>
    <property name="sun.boot.class.path" value="/Users/luloh/Library/Java/JavaVirtualMachines/adopt-openj9-1.8.0_282/Contents/Home/jre/lib/compressedrefs/jclSC180/vm.jar:/Users/luloh/Library/Java/JavaVirtualMachines/adopt-openj9-1.8.0_282/Contents/Home/jre/lib/se-service.jar:/Users/luloh/Library/Java/JavaVirtualMachines/adopt-openj9-1.8.0_282/Contents/Home/jre/lib/rt.jar:/Users/luloh/Library/Java/JavaVirtualMachines/adopt-openj9-1.8.0_282/Contents/Home/jre/lib/resources.jar:/Users/luloh/Library/Java/JavaVirtualMachines/adopt-openj9-1.8.0_282/Contents/Home/jre/lib/jsse.jar:/Users/luloh/Library/Java/JavaVirtualMachines/adopt-openj9-1.8.0_282/Contents/Home/jre/lib/charsets.jar:/Users/luloh/Library/Java/JavaVirtualMachines/adopt-openj9-1.8.0_282/Contents/Home/jre/lib/jce.jar"/>
    <property name="com.ibm.oti.vm.bootstrap.library.path" value="/Users/luloh/Library/Java/JavaVirtualMachines/adopt-openj9-1.8.0_282/Contents/Home/jre/lib/compressedrefs:/Users/luloh/Library/Java/JavaVirtualMachines/adopt-openj9-1.8.0_282/Contents/Home/jre/lib"/>
    <property name="com.ibm.cpu.endian" value="little"/>
    <property name="java.fullversion" value="1.8.0_282-b08&#10;JRE 1.8.0 Mac OS X amd64-64-Bit Compressed References 20210120_839 (JIT enabled, AOT enabled)&#10;OpenJ9   - 345e1b09e&#10;OMR      - 741e94ea8&#10;JCL      - ab07c6a8fd based on jdk8u282-b08"/>
    <property name="java.runtime.version" value="1.8.0_282-b08"/>
    <property name="user.name" value="luloh"/>
    <property name="path.separator" value=":"/>
    <property name="os.version" value="10.16"/>
    <property name="java.endorsed.dirs" value="/Users/luloh/Library/Java/JavaVirtualMachines/adopt-openj9-1.8.0_282/Contents/Home/jre/lib/endorsed"/>
    <property name="java.runtime.name" value="OpenJDK Runtime Environment"/>
    <property name="ibm.signalhandling.sigint" value="true"/>
    <property name="file.encoding" value="UTF-8"/>
    <property name="java.vm.name" value="Eclipse OpenJ9 VM"/>
    <property name="ibm.signalhandling.sigchain" value="true"/>
    <property name="localRepository" value="/Users/luloh/.m2/repository"/>
    <property name="java.io.tmpdir" value="/var/folders/bh/dfdg29wd3y735pb4rg4wf0qc0000gn/T/"/>
    <property name="idea.version" value="2020.3.2"/>
    <property name="java.version" value="1.8.0_282"/>
    <property name="com.ibm.system.agent.path" value="/Users/luloh/Library/Java/JavaVirtualMachines/adopt-openj9-1.8.0_282/Contents/Home/jre/lib"/>
    <property name="user.dir" value="/Users/luloh/Desktop/Code/Openclassrooms/Java/Projet4/parkingsystem"/>
    <property name="os.arch" value="x86_64"/>
    <property name="java.vm.specification.name" value="Java Virtual Machine Specification"/>
    <property name="java.awt.printerjob" value="sun.lwawt.macosx.CPrinterJob"/>
    <property name="os.encoding" value="UTF-8"/>
    <property name="java.library.path" value="/Users/luloh/Library/Java/JavaVirtualMachines/adopt-openj9-1.8.0_282/Contents/Home/jre/lib/compressedrefs:/Users/luloh/Library/Java/JavaVirtualMachines/adopt-openj9-1.8.0_282/Contents/Home/jre/lib:/usr/lib"/>
    <property name="java.vendor" value="AdoptOpenJDK"/>
    <property name="java.vm.info" value="JRE 1.8.0 Mac OS X amd64-64-Bit Compressed References 20210120_839 (JIT enabled, AOT enabled)&#10;OpenJ9   - 345e1b09e&#10;OMR      - 741e94ea8&#10;JCL      - ab07c6a8fd based on jdk8u282-b08"/>
    <property name="java.vm.version" value="openj9-0.24.0"/>
    <property name="com.ibm.jcl.checkClassPath" value=""/>
    <property name="ibm.system.encoding" value="UTF-8"/>
    <property name="sun.io.unicode.encoding" value="UnicodeLittle"/>
    <property name="java.ext.dirs" value="/Users/luloh/Library/Java/JavaVirtualMachines/adopt-openj9-1.8.0_282/Contents/Home/jre/lib/ext"/>
    <property name="java.class.version" value="52.0"/>
  </properties>
  <testcase name="calculateFareCarWithMoreThanADayParkingFrequentUser" classname="com.parkit.parkingsystem.unit.service.FareCalculatorServiceTest" time="0.012"/>
  <testcase name="calculateFareCarWithLessThanThirtyMinutesParkingTime" classname="com.parkit.parkingsystem.unit.service.FareCalculatorServiceTest" time="0.001"/>
  <testcase name="calculateFareNoType" classname="com.parkit.parkingsystem.unit.service.FareCalculatorServiceTest" time="0.002"/>
  <testcase name="calculateFareBikeFirstTimeUser" classname="com.parkit.parkingsystem.unit.service.FareCalculatorServiceTest" time="0.001"/>
  <testcase name="calculateFareBikeWithNoOutTime" classname="com.parkit.parkingsystem.unit.service.FareCalculatorServiceTest" time="0.001"/>
  <testcase name="calculateFareCarWithLessThanOneHourParkingTimeFirstTimeUser" classname="com.parkit.parkingsystem.unit.service.FareCalculatorServiceTest" time="0.001"/>
  <testcase name="calculateFareCarWithMoreThanADayParkingTimeFirstTimeUser" classname="com.parkit.parkingsystem.unit.service.FareCalculatorServiceTest" time="0.002"/>
  <testcase name="calculateFareCarFirstTimeUser" classname="com.parkit.parkingsystem.unit.service.FareCalculatorServiceTest" time="0.001"/>
  <testcase name="calculateFareBikeWithLessThanOneHourParkingTimeFirstTimeUser" classname="com.parkit.parkingsystem.unit.service.FareCalculatorServiceTest" time="0.001"/>
  <testcase name="calculateFareBikeWithFutureInTime" classname="com.parkit.parkingsystem.unit.service.FareCalculatorServiceTest" time="0.005"/>
</testsuite>